2023-09-20 09:23:19,522 INFO  o.a.b.t.s.LoggingVerboseReporter [main]: TESTNG RUNNING: Suite: "Surefire test" containing "3" Tests (config: null)
2023-09-20 09:23:19,559 INFO  o.a.b.t.s.LoggingVerboseReporter [main]: TESTNG INVOKING CONFIGURATION: "Surefire test" - @BeforeMethod org.apache.brooklyn.camp.brooklyn.AbstractYamlTest.setUp()
2023-09-20 09:23:21,282 INFO  o.a.b.c.m.i.BasicExternalConfigSupplierRegistry [main]: Added external config supplier named 'brooklyn-demo-sample': org.apache.brooklyn.core.config.external.InPlaceExternalConfigSupplier@33c2bd
2023-09-20 09:23:21,561 INFO  o.a.b.t.s.LoggingVerboseReporter [main]: TESTNG PASSED CONFIGURATION: "Surefire test" - @BeforeMethod org.apache.brooklyn.camp.brooklyn.AbstractYamlTest.setUp() finished in 2003 ms
2023-09-20 09:23:21,563 INFO  o.a.b.t.s.LoggingVerboseReporter [main]: TESTNG INVOKING: "Surefire test" - com.netflix.MySampleYamlTest.testEntity()
2023-09-20 09:23:22,188 INFO  com.netflix.MySampleImpl [main]: MySampleImpl.init() with config myConfVal
2023-09-20 09:23:22,320 INFO  com.netflix.MySampleImpl [brooklyn-execmanager-tUgPVgsG-4]: MySampleImpl.start([])
2023-09-20 09:23:22,325 WARN  o.a.b.c.e.l.ServiceStateLogic$ComputeServiceState [brooklyn-execmanager-tUgPVgsG-4]: Setting MySampleImpl{id=ccf1dvif6s} on-fire due to problems when expected running, up=false, not-up-indicators: {}
2023-09-20 09:23:22,365 INFO  o.a.b.c.e.AbstractApplication [brooklyn-execmanager-tUgPVgsG-0]: Started application BasicApplicationImpl{id=lbniuv7s0o}
2023-09-20 09:23:22,369 INFO  o.a.b.c.b.AbstractYamlTest [main]: Waiting on 28 task(s)
2023-09-20 09:23:22,418 INFO  o.a.b.t.s.LoggingVerboseReporter [main]: TESTNG PASSED: "Surefire test" - com.netflix.MySampleYamlTest.testEntity() finished in 845 ms
2023-09-20 09:23:22,419 INFO  o.a.b.t.s.LoggingVerboseReporter [main]: TESTNG INVOKING CONFIGURATION: "Surefire test" - @AfterMethod org.apache.brooklyn.camp.brooklyn.AbstractYamlTest.tearDown()
2023-09-20 09:23:22,428 INFO  o.a.b.c.e.AbstractApplication [brooklyn-execmanager-tUgPVgsG-0]: Stopping application BasicApplicationImpl{id=lbniuv7s0o}
2023-09-20 09:23:22,436 INFO  com.netflix.MySampleImpl [brooklyn-execmanager-tUgPVgsG-6]: MySampleImpl.stop()
2023-09-20 09:23:22,440 INFO  o.a.b.c.e.AbstractApplication [brooklyn-execmanager-tUgPVgsG-0]: Stopped application BasicApplicationImpl{id=lbniuv7s0o}
2023-09-20 09:23:22,473 INFO  o.a.b.t.s.LoggingVerboseReporter [main]: TESTNG PASSED CONFIGURATION: "Surefire test" - @AfterMethod org.apache.brooklyn.camp.brooklyn.AbstractYamlTest.tearDown() finished in 53 ms
2023-09-20 09:23:22,473 INFO  o.a.b.t.s.LoggingVerboseReporter [main]: TESTNG INVOKING CONFIGURATION: "Surefire test" - @BeforeMethod org.apache.brooklyn.camp.brooklyn.AbstractYamlTest.setUp()
2023-09-20 09:23:22,475 INFO  o.a.b.c.m.i.BasicExternalConfigSupplierRegistry [main]: Added external config supplier named 'brooklyn-demo-sample': org.apache.brooklyn.core.config.external.InPlaceExternalConfigSupplier@9d3c67
2023-09-20 09:23:22,493 INFO  o.a.b.t.s.LoggingVerboseReporter [main]: TESTNG PASSED CONFIGURATION: "Surefire test" - @BeforeMethod org.apache.brooklyn.camp.brooklyn.AbstractYamlTest.setUp() finished in 20 ms
2023-09-20 09:23:22,540 INFO  o.a.b.t.s.LoggingVerboseReporter [main]: TESTNG INVOKING: "Surefire test" - com.netflix.MySampleYamlTest.testUsingTestFramework()
2023-09-20 09:23:22,902 INFO  com.netflix.MySampleImpl [main]: MySampleImpl.init() with config defaultval
2023-09-20 09:23:23,056 INFO  com.netflix.MySampleImpl [brooklyn-execmanager-TowbWAdh-0]: MySampleImpl.start([])
2023-09-20 09:23:23,058 WARN  o.a.b.c.e.l.ServiceStateLogic$ComputeServiceState [brooklyn-execmanager-TowbWAdh-0]: Setting MySampleImpl{id=zk10lb1y3g} on-fire due to problems when expected running, up=false, not-up-indicators: {}
2023-09-20 09:23:23,150 INFO  com.netflix.MySampleImpl [brooklyn-execmanager-TowbWAdh-9]: MySampleImpl.myEffector(myVal)
2023-09-20 09:23:23,162 INFO  com.netflix.MySampleImpl [brooklyn-execmanager-TowbWAdh-10]: MySampleImpl.stop()
2023-09-20 09:23:23,209 INFO  o.a.b.c.e.AbstractApplication [brooklyn-execmanager-TowbWAdh-1]: Started application BasicApplicationImpl{id=prmj2odw0e}
2023-09-20 09:23:23,211 INFO  o.a.b.c.b.AbstractYamlTest [main]: Waiting on 34 task(s)
2023-09-20 09:23:23,263 INFO  o.a.b.t.s.LoggingVerboseReporter [main]: TESTNG PASSED: "Surefire test" - com.netflix.MySampleYamlTest.testUsingTestFramework() finished in 718 ms
2023-09-20 09:23:23,264 INFO  o.a.b.t.s.LoggingVerboseReporter [main]: TESTNG INVOKING CONFIGURATION: "Surefire test" - @AfterMethod org.apache.brooklyn.camp.brooklyn.AbstractYamlTest.tearDown()
2023-09-20 09:23:23,269 INFO  o.a.b.c.e.AbstractApplication [brooklyn-execmanager-TowbWAdh-1]: Stopping application BasicApplicationImpl{id=prmj2odw0e}
2023-09-20 09:23:23,275 INFO  com.netflix.MySampleImpl [brooklyn-execmanager-TowbWAdh-2]: MySampleImpl.stop()
2023-09-20 09:23:23,292 INFO  o.a.b.c.e.AbstractApplication [brooklyn-execmanager-TowbWAdh-1]: Stopped application BasicApplicationImpl{id=prmj2odw0e}
2023-09-20 09:23:23,310 INFO  o.a.b.t.s.LoggingVerboseReporter [main]: TESTNG PASSED CONFIGURATION: "Surefire test" - @AfterMethod org.apache.brooklyn.camp.brooklyn.AbstractYamlTest.tearDown() finished in 46 ms
2023-09-20 09:23:23,312 INFO  o.a.b.t.s.LoggingVerboseReporter [main]: TESTNG INVOKING CONFIGURATION: "Surefire test" - @BeforeMethod org.apache.brooklyn.core.test.BrooklynAppUnitTestSupport.setUp()
2023-09-20 09:23:23,314 INFO  o.a.b.c.m.i.BasicExternalConfigSupplierRegistry [main]: Added external config supplier named 'brooklyn-demo-sample': org.apache.brooklyn.core.config.external.InPlaceExternalConfigSupplier@71b6d77f
2023-09-20 09:23:23,407 INFO  o.a.b.t.s.LoggingVerboseReporter [main]: TESTNG PASSED CONFIGURATION: "Surefire test" - @BeforeMethod org.apache.brooklyn.core.test.BrooklynAppUnitTestSupport.setUp() finished in 95 ms
2023-09-20 09:23:23,410 INFO  o.a.b.t.s.LoggingVerboseReporter [main]: TESTNG INVOKING: "Surefire test" - com.netflix.MySampleTest.testEntity()
2023-09-20 09:23:23,439 INFO  com.netflix.MySampleImpl [main]: MySampleImpl.init() with config myConfVal
2023-09-20 09:23:23,460 INFO  com.netflix.MySampleImpl [brooklyn-execmanager-zLqyPEDY-4]: MySampleImpl.start([])
2023-09-20 09:23:23,461 WARN  o.a.b.c.e.l.ServiceStateLogic$ComputeServiceState [brooklyn-execmanager-zLqyPEDY-4]: Setting MySampleImpl{id=ucz8ucqaec} on-fire due to problems when expected running, up=false, not-up-indicators: {}
2023-09-20 09:23:23,496 INFO  com.netflix.MySampleImpl [main]: MySampleImpl.myEffector(myArgVal)
2023-09-20 09:23:23,504 INFO  com.netflix.MySampleImpl [brooklyn-execmanager-zLqyPEDY-8]: MySampleImpl.stop()
2023-09-20 09:23:23,514 INFO  o.a.b.t.s.LoggingVerboseReporter [main]: TESTNG PASSED: "Surefire test" - com.netflix.MySampleTest.testEntity() finished in 104 ms
2023-09-20 09:23:23,515 INFO  o.a.b.t.s.LoggingVerboseReporter [main]: TESTNG INVOKING CONFIGURATION: "Surefire test" - @AfterMethod org.apache.brooklyn.core.test.BrooklynMgmtUnitTestSupport.tearDown()
2023-09-20 09:23:23,522 INFO  o.a.b.t.s.LoggingVerboseReporter [main]: TESTNG PASSED CONFIGURATION: "Surefire test" - @AfterMethod org.apache.brooklyn.core.test.BrooklynMgmtUnitTestSupport.tearDown() finished in 7 ms
2023-09-20 09:23:23,548 INFO  o.a.b.t.s.LoggingVerboseReporter [main]: TESTNG 
===============================================
    Surefire test
    Tests run: 3, Failures: 0, Skips: 0
===============================================
2023-09-20 09:25:01,840 INFO  o.a.b.t.s.LoggingVerboseReporter [main]: TESTNG RUNNING: Suite: "Surefire test" containing "3" Tests (config: null)
2023-09-20 09:25:01,880 INFO  o.a.b.t.s.LoggingVerboseReporter [main]: TESTNG INVOKING CONFIGURATION: "Surefire test" - @BeforeMethod org.apache.brooklyn.camp.brooklyn.AbstractYamlTest.setUp()
2023-09-20 09:25:03,309 INFO  o.a.b.c.m.i.BasicExternalConfigSupplierRegistry [main]: Added external config supplier named 'brooklyn-demo-sample': org.apache.brooklyn.core.config.external.InPlaceExternalConfigSupplier@33c2bd
2023-09-20 09:25:03,510 INFO  o.a.b.t.s.LoggingVerboseReporter [main]: TESTNG PASSED CONFIGURATION: "Surefire test" - @BeforeMethod org.apache.brooklyn.camp.brooklyn.AbstractYamlTest.setUp() finished in 1634 ms
2023-09-20 09:25:03,512 INFO  o.a.b.t.s.LoggingVerboseReporter [main]: TESTNG INVOKING: "Surefire test" - com.netflix.MySampleYamlTest.testEntity()
2023-09-20 09:25:04,198 INFO  com.netflix.MySampleImpl [main]: MySampleImpl.init() with config myConfVal
2023-09-20 09:25:04,326 INFO  com.netflix.MySampleImpl [brooklyn-execmanager-mnlamm4Z-0]: MySampleImpl.start([])
2023-09-20 09:25:04,339 WARN  o.a.b.c.e.l.ServiceStateLogic$ComputeServiceState [brooklyn-execmanager-mnlamm4Z-0]: Setting MySampleImpl{id=hwwl1dpseq} on-fire due to problems when expected running, up=false, not-up-indicators: {}
2023-09-20 09:25:04,373 INFO  o.a.b.c.e.AbstractApplication [brooklyn-execmanager-mnlamm4Z-4]: Started application BasicApplicationImpl{id=a582vxbzab}
2023-09-20 09:25:04,374 INFO  o.a.b.c.b.AbstractYamlTest [main]: Waiting on 28 task(s)
2023-09-20 09:25:04,433 INFO  o.a.b.t.s.LoggingVerboseReporter [main]: TESTNG PASSED: "Surefire test" - com.netflix.MySampleYamlTest.testEntity() finished in 918 ms
2023-09-20 09:25:04,434 INFO  o.a.b.t.s.LoggingVerboseReporter [main]: TESTNG INVOKING CONFIGURATION: "Surefire test" - @AfterMethod org.apache.brooklyn.camp.brooklyn.AbstractYamlTest.tearDown()
2023-09-20 09:25:04,497 INFO  o.a.b.c.e.AbstractApplication [brooklyn-execmanager-mnlamm4Z-8]: Stopping application BasicApplicationImpl{id=a582vxbzab}
2023-09-20 09:25:04,510 INFO  com.netflix.MySampleImpl [brooklyn-execmanager-mnlamm4Z-6]: MySampleImpl.stop()
2023-09-20 09:25:04,516 INFO  o.a.b.c.e.AbstractApplication [brooklyn-execmanager-mnlamm4Z-8]: Stopped application BasicApplicationImpl{id=a582vxbzab}
2023-09-20 09:25:04,540 INFO  o.a.b.t.s.LoggingVerboseReporter [main]: TESTNG PASSED CONFIGURATION: "Surefire test" - @AfterMethod org.apache.brooklyn.camp.brooklyn.AbstractYamlTest.tearDown() finished in 106 ms
2023-09-20 09:25:04,541 INFO  o.a.b.t.s.LoggingVerboseReporter [main]: TESTNG INVOKING CONFIGURATION: "Surefire test" - @BeforeMethod org.apache.brooklyn.camp.brooklyn.AbstractYamlTest.setUp()
2023-09-20 09:25:04,545 INFO  o.a.b.c.m.i.BasicExternalConfigSupplierRegistry [main]: Added external config supplier named 'brooklyn-demo-sample': org.apache.brooklyn.core.config.external.InPlaceExternalConfigSupplier@38a1a26
2023-09-20 09:25:04,554 INFO  o.a.b.t.s.LoggingVerboseReporter [main]: TESTNG PASSED CONFIGURATION: "Surefire test" - @BeforeMethod org.apache.brooklyn.camp.brooklyn.AbstractYamlTest.setUp() finished in 13 ms
2023-09-20 09:25:04,557 INFO  o.a.b.t.s.LoggingVerboseReporter [main]: TESTNG INVOKING: "Surefire test" - com.netflix.MySampleYamlTest.testUsingTestFramework()
2023-09-20 09:25:04,918 INFO  com.netflix.MySampleImpl [main]: MySampleImpl.init() with config defaultval
2023-09-20 09:25:05,089 INFO  com.netflix.MySampleImpl [brooklyn-execmanager-QBEQcyRy-0]: MySampleImpl.start([])
2023-09-20 09:25:05,091 WARN  o.a.b.c.e.l.ServiceStateLogic$ComputeServiceState [brooklyn-execmanager-QBEQcyRy-0]: Setting MySampleImpl{id=ef91t61pff} on-fire due to problems when expected running, up=false, not-up-indicators: {}
2023-09-20 09:25:05,181 INFO  com.netflix.MySampleImpl [brooklyn-execmanager-QBEQcyRy-0]: MySampleImpl.myEffector(myVal)
2023-09-20 09:25:05,200 INFO  com.netflix.MySampleImpl [brooklyn-execmanager-QBEQcyRy-12]: MySampleImpl.stop()
2023-09-20 09:25:05,258 INFO  o.a.b.c.e.AbstractApplication [brooklyn-execmanager-QBEQcyRy-2]: Started application BasicApplicationImpl{id=m9th00spsy}
2023-09-20 09:25:05,259 INFO  o.a.b.c.b.AbstractYamlTest [main]: Waiting on 34 task(s)
2023-09-20 09:25:05,314 INFO  o.a.b.t.s.LoggingVerboseReporter [main]: TESTNG PASSED: "Surefire test" - com.netflix.MySampleYamlTest.testUsingTestFramework() finished in 756 ms
2023-09-20 09:25:05,315 INFO  o.a.b.t.s.LoggingVerboseReporter [main]: TESTNG INVOKING CONFIGURATION: "Surefire test" - @AfterMethod org.apache.brooklyn.camp.brooklyn.AbstractYamlTest.tearDown()
2023-09-20 09:25:05,330 INFO  o.a.b.c.e.AbstractApplication [brooklyn-execmanager-QBEQcyRy-4]: Stopping application BasicApplicationImpl{id=m9th00spsy}
2023-09-20 09:25:05,337 INFO  com.netflix.MySampleImpl [brooklyn-execmanager-QBEQcyRy-3]: MySampleImpl.stop()
2023-09-20 09:25:05,379 INFO  o.a.b.c.e.AbstractApplication [brooklyn-execmanager-QBEQcyRy-4]: Stopped application BasicApplicationImpl{id=m9th00spsy}
2023-09-20 09:25:05,409 INFO  o.a.b.t.s.LoggingVerboseReporter [main]: TESTNG PASSED CONFIGURATION: "Surefire test" - @AfterMethod org.apache.brooklyn.camp.brooklyn.AbstractYamlTest.tearDown() finished in 94 ms
2023-09-20 09:25:05,410 INFO  o.a.b.t.s.LoggingVerboseReporter [main]: TESTNG INVOKING CONFIGURATION: "Surefire test" - @BeforeMethod org.apache.brooklyn.core.test.BrooklynAppUnitTestSupport.setUp()
2023-09-20 09:25:05,411 INFO  o.a.b.c.m.i.BasicExternalConfigSupplierRegistry [main]: Added external config supplier named 'brooklyn-demo-sample': org.apache.brooklyn.core.config.external.InPlaceExternalConfigSupplier@4eb1c69
2023-09-20 09:25:05,515 INFO  o.a.b.t.s.LoggingVerboseReporter [main]: TESTNG PASSED CONFIGURATION: "Surefire test" - @BeforeMethod org.apache.brooklyn.core.test.BrooklynAppUnitTestSupport.setUp() finished in 105 ms
2023-09-20 09:25:05,516 INFO  o.a.b.t.s.LoggingVerboseReporter [main]: TESTNG INVOKING: "Surefire test" - com.netflix.MySampleTest.testEntity()
2023-09-20 09:25:05,549 INFO  com.netflix.MySampleImpl [main]: MySampleImpl.init() with config myConfVal
2023-09-20 09:25:05,563 INFO  com.netflix.MySampleImpl [brooklyn-execmanager-BprHmo0G-0]: MySampleImpl.start([])
2023-09-20 09:25:05,568 WARN  o.a.b.c.e.l.ServiceStateLogic$ComputeServiceState [brooklyn-execmanager-BprHmo0G-0]: Setting MySampleImpl{id=rhmy3ofdd4} on-fire due to problems when expected running, up=false, not-up-indicators: {}
2023-09-20 09:25:05,588 INFO  com.netflix.MySampleImpl [main]: MySampleImpl.myEffector(myArgVal)
2023-09-20 09:25:05,590 INFO  com.netflix.MySampleImpl [brooklyn-execmanager-BprHmo0G-8]: MySampleImpl.stop()
2023-09-20 09:25:05,598 INFO  o.a.b.t.s.LoggingVerboseReporter [main]: TESTNG PASSED: "Surefire test" - com.netflix.MySampleTest.testEntity() finished in 83 ms
2023-09-20 09:25:05,599 INFO  o.a.b.t.s.LoggingVerboseReporter [main]: TESTNG INVOKING CONFIGURATION: "Surefire test" - @AfterMethod org.apache.brooklyn.core.test.BrooklynMgmtUnitTestSupport.tearDown()
2023-09-20 09:25:05,611 INFO  o.a.b.t.s.LoggingVerboseReporter [main]: TESTNG PASSED CONFIGURATION: "Surefire test" - @AfterMethod org.apache.brooklyn.core.test.BrooklynMgmtUnitTestSupport.tearDown() finished in 12 ms
2023-09-20 09:25:05,637 INFO  o.a.b.t.s.LoggingVerboseReporter [main]: TESTNG 
===============================================
    Surefire test
    Tests run: 3, Failures: 0, Skips: 0
===============================================
2023-09-20 09:26:18,073 INFO  o.a.b.t.s.LoggingVerboseReporter [main]: TESTNG RUNNING: Suite: "Surefire test" containing "3" Tests (config: null)
2023-09-20 09:26:18,101 INFO  o.a.b.t.s.LoggingVerboseReporter [main]: TESTNG INVOKING CONFIGURATION: "Surefire test" - @BeforeMethod org.apache.brooklyn.camp.brooklyn.AbstractYamlTest.setUp()
2023-09-20 09:26:19,533 INFO  o.a.b.c.m.i.BasicExternalConfigSupplierRegistry [main]: Added external config supplier named 'brooklyn-demo-sample': org.apache.brooklyn.core.config.external.InPlaceExternalConfigSupplier@33c2bd
2023-09-20 09:26:19,726 INFO  o.a.b.t.s.LoggingVerboseReporter [main]: TESTNG PASSED CONFIGURATION: "Surefire test" - @BeforeMethod org.apache.brooklyn.camp.brooklyn.AbstractYamlTest.setUp() finished in 1626 ms
2023-09-20 09:26:19,728 INFO  o.a.b.t.s.LoggingVerboseReporter [main]: TESTNG INVOKING: "Surefire test" - com.netflix.MySampleYamlTest.testEntity()
2023-09-20 09:26:20,421 INFO  com.netflix.MySampleImpl [main]: MySampleImpl.init() with config myConfVal
2023-09-20 09:26:20,527 INFO  com.netflix.MySampleImpl [brooklyn-execmanager-kjBtpQhw-3]: MySampleImpl.start([])
2023-09-20 09:26:20,571 INFO  o.a.b.c.e.AbstractApplication [brooklyn-execmanager-kjBtpQhw-2]: Started application BasicApplicationImpl{id=b4yh38ym9a}
2023-09-20 09:26:20,579 INFO  o.a.b.c.b.AbstractYamlTest [main]: Waiting on 23 task(s)
2023-09-20 09:26:20,678 INFO  o.a.b.t.s.LoggingVerboseReporter [main]: TESTNG PASSED: "Surefire test" - com.netflix.MySampleYamlTest.testEntity() finished in 946 ms
2023-09-20 09:26:20,679 INFO  o.a.b.t.s.LoggingVerboseReporter [main]: TESTNG INVOKING CONFIGURATION: "Surefire test" - @AfterMethod org.apache.brooklyn.camp.brooklyn.AbstractYamlTest.tearDown()
2023-09-20 09:26:20,692 INFO  o.a.b.c.e.AbstractApplication [brooklyn-execmanager-kjBtpQhw-2]: Stopping application BasicApplicationImpl{id=b4yh38ym9a}
2023-09-20 09:26:20,700 INFO  com.netflix.MySampleImpl [brooklyn-execmanager-kjBtpQhw-9]: MySampleImpl.stop()
2023-09-20 09:26:20,710 INFO  o.a.b.c.e.AbstractApplication [brooklyn-execmanager-kjBtpQhw-2]: Stopped application BasicApplicationImpl{id=b4yh38ym9a}
2023-09-20 09:26:20,734 INFO  o.a.b.t.s.LoggingVerboseReporter [main]: TESTNG PASSED CONFIGURATION: "Surefire test" - @AfterMethod org.apache.brooklyn.camp.brooklyn.AbstractYamlTest.tearDown() finished in 56 ms
2023-09-20 09:26:20,735 INFO  o.a.b.t.s.LoggingVerboseReporter [main]: TESTNG INVOKING CONFIGURATION: "Surefire test" - @BeforeMethod org.apache.brooklyn.camp.brooklyn.AbstractYamlTest.setUp()
2023-09-20 09:26:20,737 INFO  o.a.b.c.m.i.BasicExternalConfigSupplierRegistry [main]: Added external config supplier named 'brooklyn-demo-sample': org.apache.brooklyn.core.config.external.InPlaceExternalConfigSupplier@38a1a26
2023-09-20 09:26:20,768 INFO  o.a.b.t.s.LoggingVerboseReporter [main]: TESTNG PASSED CONFIGURATION: "Surefire test" - @BeforeMethod org.apache.brooklyn.camp.brooklyn.AbstractYamlTest.setUp() finished in 33 ms
2023-09-20 09:26:20,769 INFO  o.a.b.t.s.LoggingVerboseReporter [main]: TESTNG INVOKING: "Surefire test" - com.netflix.MySampleYamlTest.testUsingTestFramework()
2023-09-20 09:26:21,179 INFO  com.netflix.MySampleImpl [main]: MySampleImpl.init() with config defaultval
2023-09-20 09:26:21,318 INFO  com.netflix.MySampleImpl [brooklyn-execmanager-dokpKmFK-6]: MySampleImpl.start([])
2023-09-20 09:26:21,332 WARN  o.a.b.c.e.l.ServiceStateLogic$ComputeServiceState [brooklyn-execmanager-dokpKmFK-6]: Setting MySampleImpl{id=jyzftsm2y9} on-fire due to problems when expected running, up=false, not-up-indicators: {}
2023-09-20 09:26:21,398 INFO  com.netflix.MySampleImpl [brooklyn-execmanager-dokpKmFK-3]: MySampleImpl.myEffector(myVal)
2023-09-20 09:26:21,417 INFO  com.netflix.MySampleImpl [brooklyn-execmanager-dokpKmFK-9]: MySampleImpl.stop()
2023-09-20 09:26:21,460 INFO  o.a.b.c.e.AbstractApplication [brooklyn-execmanager-dokpKmFK-4]: Started application BasicApplicationImpl{id=k1o26u08hk}
2023-09-20 09:26:21,461 INFO  o.a.b.c.b.AbstractYamlTest [main]: Waiting on 34 task(s)
2023-09-20 09:26:21,521 INFO  o.a.b.t.s.LoggingVerboseReporter [main]: TESTNG PASSED: "Surefire test" - com.netflix.MySampleYamlTest.testUsingTestFramework() finished in 735 ms
2023-09-20 09:26:21,528 INFO  o.a.b.t.s.LoggingVerboseReporter [main]: TESTNG INVOKING CONFIGURATION: "Surefire test" - @AfterMethod org.apache.brooklyn.camp.brooklyn.AbstractYamlTest.tearDown()
2023-09-20 09:26:21,532 INFO  o.a.b.c.e.AbstractApplication [brooklyn-execmanager-dokpKmFK-4]: Stopping application BasicApplicationImpl{id=k1o26u08hk}
2023-09-20 09:26:21,537 INFO  com.netflix.MySampleImpl [brooklyn-execmanager-dokpKmFK-0]: MySampleImpl.stop()
2023-09-20 09:26:21,558 INFO  o.a.b.c.e.AbstractApplication [brooklyn-execmanager-dokpKmFK-4]: Stopped application BasicApplicationImpl{id=k1o26u08hk}
2023-09-20 09:26:21,582 INFO  o.a.b.t.s.LoggingVerboseReporter [main]: TESTNG PASSED CONFIGURATION: "Surefire test" - @AfterMethod org.apache.brooklyn.camp.brooklyn.AbstractYamlTest.tearDown() finished in 54 ms
2023-09-20 09:26:21,584 INFO  o.a.b.t.s.LoggingVerboseReporter [main]: TESTNG INVOKING CONFIGURATION: "Surefire test" - @BeforeMethod org.apache.brooklyn.core.test.BrooklynAppUnitTestSupport.setUp()
2023-09-20 09:26:21,585 INFO  o.a.b.c.m.i.BasicExternalConfigSupplierRegistry [main]: Added external config supplier named 'brooklyn-demo-sample': org.apache.brooklyn.core.config.external.InPlaceExternalConfigSupplier@4eb1c69
2023-09-20 09:26:21,693 INFO  o.a.b.t.s.LoggingVerboseReporter [main]: TESTNG PASSED CONFIGURATION: "Surefire test" - @BeforeMethod org.apache.brooklyn.core.test.BrooklynAppUnitTestSupport.setUp() finished in 108 ms
2023-09-20 09:26:21,694 INFO  o.a.b.t.s.LoggingVerboseReporter [main]: TESTNG INVOKING: "Surefire test" - com.netflix.MySampleTest.testEntity()
2023-09-20 09:26:21,727 INFO  com.netflix.MySampleImpl [main]: MySampleImpl.init() with config myConfVal
2023-09-20 09:26:21,745 INFO  com.netflix.MySampleImpl [brooklyn-execmanager-QMY9z3M1-4]: MySampleImpl.start([])
2023-09-20 09:26:21,745 WARN  o.a.b.c.e.l.ServiceStateLogic$ComputeServiceState [brooklyn-execmanager-QMY9z3M1-4]: Setting MySampleImpl{id=laiorhxtyf} on-fire due to problems when expected running, up=false, not-up-indicators: {}
2023-09-20 09:26:21,767 INFO  com.netflix.MySampleImpl [main]: MySampleImpl.myEffector(myArgVal)
2023-09-20 09:26:21,770 INFO  com.netflix.MySampleImpl [brooklyn-execmanager-QMY9z3M1-4]: MySampleImpl.stop()
2023-09-20 09:26:21,781 INFO  o.a.b.t.s.LoggingVerboseReporter [main]: TESTNG PASSED: "Surefire test" - com.netflix.MySampleTest.testEntity() finished in 87 ms
2023-09-20 09:26:21,782 INFO  o.a.b.t.s.LoggingVerboseReporter [main]: TESTNG INVOKING CONFIGURATION: "Surefire test" - @AfterMethod org.apache.brooklyn.core.test.BrooklynMgmtUnitTestSupport.tearDown()
2023-09-20 09:26:21,790 INFO  o.a.b.t.s.LoggingVerboseReporter [main]: TESTNG PASSED CONFIGURATION: "Surefire test" - @AfterMethod org.apache.brooklyn.core.test.BrooklynMgmtUnitTestSupport.tearDown() finished in 9 ms
2023-09-20 09:26:21,817 INFO  o.a.b.t.s.LoggingVerboseReporter [main]: TESTNG 
===============================================
    Surefire test
    Tests run: 3, Failures: 0, Skips: 0
===============================================
2023-09-20 09:29:04,572 INFO  o.a.b.t.s.LoggingVerboseReporter [main]: TESTNG RUNNING: Suite: "Surefire test" containing "3" Tests (config: null)
2023-09-20 09:29:04,605 INFO  o.a.b.t.s.LoggingVerboseReporter [main]: TESTNG INVOKING CONFIGURATION: "Surefire test" - @BeforeMethod org.apache.brooklyn.camp.brooklyn.AbstractYamlTest.setUp()
2023-09-20 09:29:06,026 INFO  o.a.b.c.m.i.BasicExternalConfigSupplierRegistry [main]: Added external config supplier named 'brooklyn-demo-sample': org.apache.brooklyn.core.config.external.InPlaceExternalConfigSupplier@33c2bd
2023-09-20 09:29:06,214 INFO  o.a.b.t.s.LoggingVerboseReporter [main]: TESTNG PASSED CONFIGURATION: "Surefire test" - @BeforeMethod org.apache.brooklyn.camp.brooklyn.AbstractYamlTest.setUp() finished in 1610 ms
2023-09-20 09:29:06,228 INFO  o.a.b.t.s.LoggingVerboseReporter [main]: TESTNG INVOKING: "Surefire test" - com.netflix.MySampleYamlTest.testEntity()
2023-09-20 09:29:06,869 INFO  com.netflix.MySampleImpl [main]: MySampleImpl.init() with config myConfVal
2023-09-20 09:29:06,979 INFO  com.netflix.MySampleImpl [brooklyn-execmanager-VccITL0K-0]: MySampleImpl.start([])
2023-09-20 09:29:06,996 INFO  o.a.b.c.e.AbstractApplication [brooklyn-execmanager-VccITL0K-3]: Started application BasicApplicationImpl{id=vucewg4u9n}
2023-09-20 09:29:06,997 INFO  o.a.b.c.b.AbstractYamlTest [main]: Waiting on 23 task(s)
2023-09-20 09:29:07,052 INFO  o.a.b.t.s.LoggingVerboseReporter [main]: TESTNG PASSED: "Surefire test" - com.netflix.MySampleYamlTest.testEntity() finished in 833 ms
2023-09-20 09:29:07,053 INFO  o.a.b.t.s.LoggingVerboseReporter [main]: TESTNG INVOKING CONFIGURATION: "Surefire test" - @AfterMethod org.apache.brooklyn.camp.brooklyn.AbstractYamlTest.tearDown()
2023-09-20 09:29:07,081 INFO  o.a.b.c.e.AbstractApplication [brooklyn-execmanager-VccITL0K-8]: Stopping application BasicApplicationImpl{id=vucewg4u9n}
2023-09-20 09:29:07,090 INFO  com.netflix.MySampleImpl [brooklyn-execmanager-VccITL0K-2]: MySampleImpl.stop()
2023-09-20 09:29:07,094 INFO  o.a.b.c.e.AbstractApplication [brooklyn-execmanager-VccITL0K-8]: Stopped application BasicApplicationImpl{id=vucewg4u9n}
2023-09-20 09:29:07,112 INFO  o.a.b.t.s.LoggingVerboseReporter [main]: TESTNG PASSED CONFIGURATION: "Surefire test" - @AfterMethod org.apache.brooklyn.camp.brooklyn.AbstractYamlTest.tearDown() finished in 59 ms
2023-09-20 09:29:07,113 INFO  o.a.b.t.s.LoggingVerboseReporter [main]: TESTNG INVOKING CONFIGURATION: "Surefire test" - @BeforeMethod org.apache.brooklyn.camp.brooklyn.AbstractYamlTest.setUp()
2023-09-20 09:29:07,114 INFO  o.a.b.c.m.i.BasicExternalConfigSupplierRegistry [main]: Added external config supplier named 'brooklyn-demo-sample': org.apache.brooklyn.core.config.external.InPlaceExternalConfigSupplier@444cc791
2023-09-20 09:29:07,138 INFO  o.a.b.t.s.LoggingVerboseReporter [main]: TESTNG PASSED CONFIGURATION: "Surefire test" - @BeforeMethod org.apache.brooklyn.camp.brooklyn.AbstractYamlTest.setUp() finished in 25 ms
2023-09-20 09:29:07,139 INFO  o.a.b.t.s.LoggingVerboseReporter [main]: TESTNG INVOKING: "Surefire test" - com.netflix.MySampleYamlTest.testUsingTestFramework()
2023-09-20 09:29:07,502 INFO  com.netflix.MySampleImpl [main]: MySampleImpl.init() with config defaultval
2023-09-20 09:29:07,668 INFO  com.netflix.MySampleImpl [brooklyn-execmanager-LHS41dZw-5]: MySampleImpl.start([])
2023-09-20 09:29:07,671 WARN  o.a.b.c.e.l.ServiceStateLogic$ComputeServiceState [brooklyn-execmanager-LHS41dZw-5]: Setting MySampleImpl{id=l8d6xbjuny} on-fire due to problems when expected running, up=false, not-up-indicators: {}
2023-09-20 09:29:07,746 INFO  com.netflix.MySampleImpl [brooklyn-execmanager-LHS41dZw-14]: MySampleImpl.myEffector(myVal)
2023-09-20 09:29:07,766 INFO  com.netflix.MySampleImpl [brooklyn-execmanager-LHS41dZw-17]: MySampleImpl.stop()
2023-09-20 09:29:07,800 INFO  o.a.b.c.e.AbstractApplication [brooklyn-execmanager-LHS41dZw-4]: Started application BasicApplicationImpl{id=vpsmxhxkdy}
2023-09-20 09:29:07,801 INFO  o.a.b.c.b.AbstractYamlTest [main]: Waiting on 34 task(s)
2023-09-20 09:29:07,863 INFO  o.a.b.t.s.LoggingVerboseReporter [main]: TESTNG PASSED: "Surefire test" - com.netflix.MySampleYamlTest.testUsingTestFramework() finished in 723 ms
2023-09-20 09:29:07,863 INFO  o.a.b.t.s.LoggingVerboseReporter [main]: TESTNG INVOKING CONFIGURATION: "Surefire test" - @AfterMethod org.apache.brooklyn.camp.brooklyn.AbstractYamlTest.tearDown()
2023-09-20 09:29:07,869 INFO  o.a.b.c.e.AbstractApplication [brooklyn-execmanager-LHS41dZw-4]: Stopping application BasicApplicationImpl{id=vpsmxhxkdy}
2023-09-20 09:29:07,874 INFO  com.netflix.MySampleImpl [brooklyn-execmanager-LHS41dZw-9]: MySampleImpl.stop()
2023-09-20 09:29:07,899 INFO  o.a.b.c.e.AbstractApplication [brooklyn-execmanager-LHS41dZw-4]: Stopped application BasicApplicationImpl{id=vpsmxhxkdy}
2023-09-20 09:29:07,919 INFO  o.a.b.t.s.LoggingVerboseReporter [main]: TESTNG PASSED CONFIGURATION: "Surefire test" - @AfterMethod org.apache.brooklyn.camp.brooklyn.AbstractYamlTest.tearDown() finished in 56 ms
2023-09-20 09:29:07,920 INFO  o.a.b.t.s.LoggingVerboseReporter [main]: TESTNG INVOKING CONFIGURATION: "Surefire test" - @BeforeMethod org.apache.brooklyn.core.test.BrooklynAppUnitTestSupport.setUp()
2023-09-20 09:29:07,921 INFO  o.a.b.c.m.i.BasicExternalConfigSupplierRegistry [main]: Added external config supplier named 'brooklyn-demo-sample': org.apache.brooklyn.core.config.external.InPlaceExternalConfigSupplier@18460128
2023-09-20 09:29:08,000 INFO  o.a.b.t.s.LoggingVerboseReporter [main]: TESTNG PASSED CONFIGURATION: "Surefire test" - @BeforeMethod org.apache.brooklyn.core.test.BrooklynAppUnitTestSupport.setUp() finished in 80 ms
2023-09-20 09:29:08,010 INFO  o.a.b.t.s.LoggingVerboseReporter [main]: TESTNG INVOKING: "Surefire test" - com.netflix.MySampleTest.testEntity()
2023-09-20 09:29:08,035 INFO  com.netflix.MySampleImpl [main]: MySampleImpl.init() with config myConfVal
2023-09-20 09:29:08,054 INFO  com.netflix.MySampleImpl [brooklyn-execmanager-Eilh5VyE-2]: MySampleImpl.start([])
2023-09-20 09:29:08,055 WARN  o.a.b.c.e.l.ServiceStateLogic$ComputeServiceState [brooklyn-execmanager-Eilh5VyE-2]: Setting MySampleImpl{id=shgqyarbpp} on-fire due to problems when expected running, up=false, not-up-indicators: {}
2023-09-20 09:29:08,083 INFO  com.netflix.MySampleImpl [main]: MySampleImpl.myEffector(myArgVal)
2023-09-20 09:29:08,089 INFO  com.netflix.MySampleImpl [brooklyn-execmanager-Eilh5VyE-0]: MySampleImpl.stop()
2023-09-20 09:29:08,099 INFO  o.a.b.t.s.LoggingVerboseReporter [main]: TESTNG PASSED: "Surefire test" - com.netflix.MySampleTest.testEntity() finished in 88 ms
2023-09-20 09:29:08,099 INFO  o.a.b.t.s.LoggingVerboseReporter [main]: TESTNG INVOKING CONFIGURATION: "Surefire test" - @AfterMethod org.apache.brooklyn.core.test.BrooklynMgmtUnitTestSupport.tearDown()
2023-09-20 09:29:08,109 INFO  o.a.b.t.s.LoggingVerboseReporter [main]: TESTNG PASSED CONFIGURATION: "Surefire test" - @AfterMethod org.apache.brooklyn.core.test.BrooklynMgmtUnitTestSupport.tearDown() finished in 10 ms
2023-09-20 09:29:08,134 INFO  o.a.b.t.s.LoggingVerboseReporter [main]: TESTNG 
===============================================
    Surefire test
    Tests run: 3, Failures: 0, Skips: 0
===============================================
